Arguments: 
  C:\Program Files\nodejs\node.exe C:\Program Files (x86)\Yarn\bin\yarn.js add express

PATH: 
  C:\Program Files (x86)\Common Files\Intel\Shared Libraries\redist\intel64\compiler;C:\Python27\;C:\Python27\Scripts;C:\Program Files (x86)\Common Files\Oracle\Java\javapath;C:\Program Files (x86)\Intel\iCLS Client\;C:\Program Files\Intel\iCLS Client\;C:\Windows\system32;C:\Windows;C:\Windows\System32\Wbem;C:\Windows\System32\WindowsPowerShell\v1.0\;C:\Program Files (x86)\Intel\Intel(R) Management Engine Components\DAL;C:\Program Files\Intel\Intel(R) Management Engine Components\DAL;C:\Program Files (x86)\Intel\Intel(R) Management Engine Components\IPT;C:\Program Files\Intel\Intel(R) Management Engine Components\IPT;C:\Program Files (x86)\NVIDIA Corporation\PhysX\Common;C:\WINDOWS\system32;C:\WINDOWS;C:\WINDOWS\System32\Wbem;C:\WINDOWS\System32\WindowsPowerShell\v1.0\;C:\WINDOWS\System32\OpenSSH\;C:\Program Files (x86)\HP\IdrsOCR_15.2.10.1114\;C:\Program Files\Git\cmd;C:\Program Files\Git\mingw64\bin;C:\Program Files\Git\usr\bin;C:\Program Files (x86)\Brackets\command;C:\ProgramData\chocolatey\bin;C:\Program Files (x86)\Yarn\bin\;C:\Program Files\Java\jdk1.8.0_211\bin;C:\Android\Sdk\platform-tools;C:\Android\Sdk\tools;c:\php;C:\Program Files\nodejs\;C:\Program Files\Java\jdk1.8.0_221\bin;C:\composer;C:\WINDOWS\system32\config\systemprofile\AppData\Roaming\Composer\vendor\bin;C:\Users\angel\AppData\Local\Microsoft\WindowsApps;C:\Users\angel\AppData\Local\GitHubDesktop\bin;C:\Users\angel\AppData\Local\Yarn\bin;C:\Users\angel\AppData\Local\Programs\Microsoft VS Code\bin;C:\Users\angel\AppData\Roaming\npm;%USERPROFILE%\AppData\Local\Microsoft\WindowsApps;C:\Users\angel\AppData\Roaming\Composer\vendor\bin;C:\Program Files\Docker Toolbox;C:\Users\angel\AppData\Local\hyper\app-3.0.2\resources\bin

Yarn version: 
  1.17.3

Node version: 
  12.11.1

Platform: 
  win32 x64

Trace: 
  SyntaxError: C:\Users\angel\Desktop\GOSTACK\GYMPOINT\package.json: Unexpected token } in JSON at position 88
      at JSON.parse (<anonymous>)
      at C:\Program Files (x86)\Yarn\lib\cli.js:1625:59
      at Generator.next (<anonymous>)
      at step (C:\Program Files (x86)\Yarn\lib\cli.js:304:30)
      at C:\Program Files (x86)\Yarn\lib\cli.js:315:13

npm manifest: 
  {
    "name": "GYMPOINT",
    "version": "1.0.0",
    "main": "index.js",
    "license": "MIT",
  }

yarn manifest: 
  No manifest

Lockfile: 
  No lockfile
